#
# There is insufficient memory for the Java Runtime Environment to continue.
# Native memory allocation (malloc) failed to allocate 1048576 bytes for AllocateHeap
# Possible reasons:
#   The system is out of physical RAM or swap space
#   The process is running with CompressedOops enabled, and the Java Heap may be blocking the growth of the native heap
# Possible solutions:
#   Reduce memory load on the system
#   Increase physical memory or swap space
#   Check if swap backing store is full
#   Decrease Java heap size (-Xmx/-Xms)
#   Decrease number of Java threads
#   Decrease Java thread stack sizes (-Xss)
#   Set larger code cache with -XX:ReservedCodeCacheSize=
#   JVM is running with Zero Based Compressed Oops mode in which the Java heap is
#     placed in the first 32GB address space. The Java Heap base address is the
#     maximum limit for the native heap growth. Please use -XX:HeapBaseMinAddress
#     to set the Java Heap base and to place the Java Heap above 32GB virtual address.
# This output file may be truncated or incomplete.
#
#  Out of Memory Error (memory/allocation.inline.hpp:61), pid=11484, tid=0x0000000000003e80
#
# JRE version:  (8.0_251-b08) (build )
# Java VM: Java HotSpot(TM) 64-Bit Server VM (25.251-b08 mixed mode windows-amd64 compressed oops)
# Failed to write core dump. Minidumps are not enabled by default on client versions of Windows
#

---------------  T H R E A D  ---------------

Current thread (0x00000000033a4000):  JavaThread "Unknown thread" [_thread_in_vm, id=16000, stack(0x00000000031d0000,0x00000000032d0000)]

Stack: [0x00000000031d0000,0x00000000032d0000]
[error occurred during error reporting (printing stack bounds), id 0xc0000005]

Native frames: (J=compiled Java code, j=interpreted, Vv=VM code, C=native code)


---------------  P R O C E S S  ---------------

Java Threads: ( => current thread )

Other Threads:

=>0x00000000033a4000 (exited) JavaThread "Unknown thread" [_thread_in_vm, id=16000, stack(0x00000000031d0000,0x00000000032d0000)]

VM state:not at safepoint (normal execution)

VM Mutex/Monitor currently owned by a thread: None

heap address: 0x00000006c0c00000, size: 4084 MB, Compressed Oops mode: Zero based, Oop shift amount: 3
Narrow klass base: 0x0000000000000000, Narrow klass shift: 3
Compressed class space size: 1073741824 Address: 0x00000007c0000000

Heap:
 PSYoungGen      total 76288K, used 1310K [0x000000076af00000, 0x0000000770400000, 0x00000007c0000000)
  eden space 65536K, 2% used [0x000000076af00000,0x000000076b047af0,0x000000076ef00000)
  from space 10752K, 0% used [0x000000076f980000,0x000000076f980000,0x0000000770400000)
  to   space 10752K, 0% used [0x000000076ef00000,0x000000076ef00000,0x000000076f980000)
 ParOldGen       total 175104K, used 0K [0x00000006c0c00000, 0x00000006cb700000, 0x000000076af00000)
  object space 175104K, 0% used [0x00000006c0c00000,0x00000006c0c00000,0x00000006cb700000)
 Metaspace       used 776K, capacity 4480K, committed 4480K, reserved 1056768K
  class space    used 76K, capacity 384K, committed 384K, reserved 1048576K

Card table byte_map: [0x0000000012860000,0x0000000013060000] byte_map_base: 0x000000000f25a000

Marking Bits: (ParMarkBitMap*) 0x000000006743af90
 Begin Bits: [0x0000000013fc0000, 0x0000000017f90000)
 End Bits:   [0x0000000017f90000, 0x000000001bf60000)

Polling page: 0x00000000018c0000

CodeCache: size=245760Kb used=327Kb max_used=327Kb free=245432Kb
 bounds [0x00000000034a0000, 0x0000000003710000, 0x00000000124a0000]
 total_blobs=57 nmethods=0 adapters=38
 compilation: enabled

Compilation events (0 events):
No events

GC Heap History (0 events):
No events

Deoptimization events (0 events):
No events

Classes redefined (0 events):
No events

Internal exceptions (0 events):
No events

Events (10 events):
Event: 0.019 loading class java/lang/Short
Event: 0.019 loading class java/lang/Short done
Event: 0.019 loading class java/lang/Integer
Event: 0.019 loading class java/lang/Integer done
Event: 0.019 loading class java/lang/Long
Event: 0.019 loading class java/lang/Long done
Event: 0.020 loading class java/lang/NullPointerException
Event: 0.020 loading class java/lang/NullPointerException done
Event: 0.020 loading class java/lang/ArithmeticException
Event: 0.020 loading class java/lang/ArithmeticException done


Dynamic libraries:
0x00007ff7ad4a0000 - 0x00007ff7ad4d7000 	C:\Program Files\Java\jdk1.8.0_251\bin\java.exe
0x00007ff836300000 - 0x00007ff8364f0000 	C:\Windows\SYSTEM32\ntdll.dll
0x00007ff8343c0000 - 0x00007ff834472000 	C:\Windows\System32\KERNEL32.DLL
0x00007ff834100000 - 0x00007ff8343a4000 	C:\Windows\System32\KERNELBASE.dll
0x00007ff836130000 - 0x00007ff8361d3000 	C:\Windows\System32\ADVAPI32.dll
0x00007ff835e50000 - 0x00007ff835eee000 	C:\Windows\System32\msvcrt.dll
0x00007ff8349c0000 - 0x00007ff834a57000 	C:\Windows\System32\sechost.dll
0x00007ff834480000 - 0x00007ff8345a0000 	C:\Windows\System32\RPCRT4.dll
0x00007ff834ad0000 - 0x00007ff834c64000 	C:\Windows\System32\USER32.dll
0x00007ff833360000 - 0x00007ff833381000 	C:\Windows\System32\win32u.dll
0x00007ff8345a0000 - 0x00007ff8345c6000 	C:\Windows\System32\GDI32.dll
0x00007ff833ca0000 - 0x00007ff833e36000 	C:\Windows\System32\gdi32full.dll
0x00007ff834060000 - 0x00007ff8340fe000 	C:\Windows\System32\msvcp_win.dll
0x00007ff833ba0000 - 0x00007ff833c9a000 	C:\Windows\System32\ucrtbase.dll
0x00007ff81e510000 - 0x00007ff81e794000 	C:\Windows\WinSxS\amd64_microsoft.windows.common-controls_6595b64144ccf1df_6.0.18362.959_none_e6c7bbbf130c62bb\COMCTL32.dll
0x00007ff834c70000 - 0x00007ff834fa5000 	C:\Windows\System32\combase.dll
0x00007ff833b20000 - 0x00007ff833ba0000 	C:\Windows\System32\bcryptPrimitives.dll
0x00007ff834780000 - 0x00007ff8347ae000 	C:\Windows\System32\IMM32.DLL
0x0000000066b30000 - 0x0000000066c02000 	C:\Program Files\Java\jdk1.8.0_251\jre\bin\msvcr100.dll
0x0000000066c10000 - 0x00000000674bb000 	C:\Program Files\Java\jdk1.8.0_251\jre\bin\server\jvm.dll
0x00007ff8347b0000 - 0x00007ff8347b8000 	C:\Windows\System32\PSAPI.DLL
0x00007ff82e5f0000 - 0x00007ff82e5f9000 	C:\Windows\SYSTEM32\WSOCK32.dll
0x00007ff8310d0000 - 0x00007ff8310f4000 	C:\Windows\SYSTEM32\WINMM.dll
0x00007ff834a60000 - 0x00007ff834acf000 	C:\Windows\System32\WS2_32.dll
0x00007ff82db50000 - 0x00007ff82db5a000 	C:\Windows\SYSTEM32\VERSION.dll
0x00007ff8310a0000 - 0x00007ff8310cd000 	C:\Windows\SYSTEM32\winmmbase.dll
0x00007ff8332e0000 - 0x00007ff83332a000 	C:\Windows\System32\cfgmgr32.dll
0x00007ff82ab90000 - 0x00007ff82ab9f000 	C:\Program Files\Java\jdk1.8.0_251\jre\bin\verify.dll
0x00007ff81a6c0000 - 0x00007ff81a6e9000 	C:\Program Files\Java\jdk1.8.0_251\jre\bin\java.dll
0x00007ff822a40000 - 0x00007ff822a56000 	C:\Program Files\Java\jdk1.8.0_251\jre\bin\zip.dll

VM Arguments:
java_command: com.servidorcanciones.ServidorCanciones
java_class_path (initial): C:\Users\IS Infinite Stratos\Documents\NetBeansProjects\ServidorCanciones\target\classes;C:\Users\IS Infinite Stratos\.m2\repository\com\microsoft\sqlserver\mssql-jdbc\8.2.2.jre8\mssql-jdbc-8.2.2.jre8.jar;C:\Users\IS Infinite Stratos\.m2\repository\org\javalite\activejdbc\2.3.2-j8\activejdbc-2.3.2-j8.jar;C:\Users\IS Infinite Stratos\.m2\repository\org\slf4j\slf4j-api\1.7.30\slf4j-api-1.7.30.jar;C:\Users\IS Infinite Stratos\.m2\repository\org\javalite\javalite-common\2.3.2-j8\javalite-common-2.3.2-j8.jar;C:\Users\IS Infinite Stratos\.m2\repository\org\dom4j\dom4j\2.1.1\dom4j-2.1.1.jar;C:\Users\IS Infinite Stratos\.m2\repository\com\fasterxml\jackson\core\jackson-databind\2.10.2\jackson-databind-2.10.2.jar;C:\Users\IS Infinite Stratos\.m2\repository\com\fasterxml\jackson\core\jackson-annotations\2.10.2\jackson-annotations-2.10.2.jar;C:\Users\IS Infinite Stratos\.m2\repository\com\fasterxml\jackson\core\jackson-core\2.10.2\jackson-core-2.10.2.jar;C:\Users\IS Infinite Stratos\.m2\repository\org\javalite\app-config\2.3.2-j8\app-config-2.3.2-j8.jar;C:\Users\IS Infinite Stratos\.m2\repository\io\grpc\grpc-netty-shaded\1.30.0\grpc-netty-shaded-1.30.0.jar;C:\Users\IS Infinite Stratos\.m2\repository\io\grpc\grpc-core\1.30.0\grpc-core-1.30.0.jar;C:\Users\IS Infinite Stratos\.m2\repository\com\google\code\gson\gson\2.8.6\gson-2.8.6.jar;C:\Users\IS Infinite Stratos\.m2\repository\com\google\android\annotations\4.1.1.4\annotations-4.1.1.4.jar;C:\Users\IS Infinite Stratos\.m2\repository\io\perfmark\perfmark-api\0.19.0\perfmark-api-0.19.0.jar;C:\Users\IS Infinite Stratos\.m2\repository\io\grpc\grpc-protobuf\1.30.0\grpc-protobuf-1.30.0.jar;C:\Users\IS Infinite Stratos\.m2\repository\io\grpc\grpc-api\1.30.0\grpc-api-1.30.0.jar;C:\Users\IS Infinite Stratos\.m2\repository\io\grpc\grpc-context\1.30.0\grpc-context-1.30.0.jar;C:\Users\IS Infinite Stratos\.m2\repository\com\google\code\findbugs\jsr305\3.0.2\jsr305-3.0.2.jar;C:\Users\IS Infinite Stratos\.m2\repo
Launcher Type: SUN_STANDARD

Environment Variables:
JAVA_HOME=C:\Program Files\Java\jdk1.8.0_251
PATH=C:\Program Files (x86)\Common Files\Oracle\Java\javapath;C:\Windows\system32;C:\Windows;C:\Program Files\Java\jdk-14\bin;C:\Windows\System32\Wbem;C:\Windows\System32\WindowsPowerShell\v1.0\;C:\Windows\System32\OpenSSH\;C:\Program Files (x86)\NVIDIA Corporation\PhysX\Common;C:\Program Files\dotnet\;C:\Program Files\Microsoft SQL Server\130\Tools\Binn\;C:\Program Files\Microsoft SQL Server\Client SDK\ODBC\170\Tools\Binn\;C:\Program Files\Git\cmd;C:\Program Files (x86)\Microsoft SQL Server\140\Tools\Binn\;C:\Program Files\Microsoft SQL Server\140\Tools\Binn\;C:\Program Files\Microsoft SQL Server\140\DTS\Binn\;C:\Program Files\Microsoft SQL Server\Client SDK\ODBC\130\Tools\Binn\;C:\Program Files (x86)\Microsoft SQL Server\150\DTS\Binn\;C:\Ruby26-x64\bin;;C:\Program Files\Docker\Docker\resources\bin;C:\ProgramData\DockerDesktop\version-bin;C:\Program Files\NVIDIA Corporation\NVIDIA NvDLISR;C:\Program Files\nodejs\;C:\Program Files (x86)\Yarn\bin\;C:\Ruby26-x64\bin;C:\Users\IS Infinite Stratos\AppData\Local\Microsoft\WindowsApps;C:\Users\IS Infinite Stratos\AppData\Local\Programs\Microsoft VS Code\bin;C:\Users\IS Infinite Stratos\AppData\Roaming\npm;C:\Users\IS Infinite Stratos\AppData\Local\Yarn\bin
USERNAME=IS Vega
OS=Windows_NT
PROCESSOR_IDENTIFIER=AMD64 Family 23 Model 8 Stepping 2, AuthenticAMD



---------------  S Y S T E M  ---------------

OS: Windows 10.0 , 64 bit Build 18362 (10.0.18362.959)

CPU:total 12 (initial active 12) (12 cores per cpu, 1 threads per core) family 23 model 8 stepping 2, cmov, cx8, fxsr, mmx, sse, sse2, sse3, ssse3, sse4.1, sse4.2, popcnt, avx, avx2, aes, clmul, mmxext, 3dnowpref, lzcnt, sse4a, tsc, tscinvbit, tscinv, bmi1

Memory: 4k page, physical 16725820k(5381484k free), swap 16725820k(5296k free)

vm_info: Java HotSpot(TM) 64-Bit Server VM (25.251-b08) for windows-amd64 JRE (1.8.0_251-b08), built on Mar 12 2020 06:31:49 by "" with MS VC++ 10.0 (VS2010)

time: Tue Aug 04 12:08:30 2020
timezone: Hora de verano central (México)
elapsed time: 0 seconds (0d 0h 0m 0s)

