#
# There is insufficient memory for the Java Runtime Environment to continue.
# Native memory allocation (malloc) failed to allocate 444096 bytes for Chunk::new
# Possible reasons:
#   The system is out of physical RAM or swap space
#   The process is running with CompressedOops enabled, and the Java Heap may be blocking the growth of the native heap
# Possible solutions:
#   Reduce memory load on the system
#   Increase physical memory or swap space
#   Check if swap backing store is full
#   Decrease Java heap size (-Xmx/-Xms)
#   Decrease number of Java threads
#   Decrease Java thread stack sizes (-Xss)
#   Set larger code cache with -XX:ReservedCodeCacheSize=
#   JVM is running with Zero Based Compressed Oops mode in which the Java heap is
#     placed in the first 32GB address space. The Java Heap base address is the
#     maximum limit for the native heap growth. Please use -XX:HeapBaseMinAddress
#     to set the Java Heap base and to place the Java Heap above 32GB virtual address.
# This output file may be truncated or incomplete.
#
#  Out of Memory Error (allocation.cpp:389), pid=15764, tid=0x0000000000000694
#
# JRE version: Java(TM) SE Runtime Environment (8.0_251-b08) (build 1.8.0_251-b08)
# Java VM: Java HotSpot(TM) 64-Bit Server VM (25.251-b08 mixed mode windows-amd64 compressed oops)
# Failed to write core dump. Minidumps are not enabled by default on client versions of Windows
#

---------------  T H R E A D  ---------------

Current thread (0x000000001de5d800):  JavaThread "C2 CompilerThread2" daemon [_thread_in_native, id=1684, stack(0x000000001f6d0000,0x000000001f7d0000)]

Stack: [0x000000001f6d0000,0x000000001f7d0000]
[error occurred during error reporting (printing stack bounds), id 0xc0000005]

Native frames: (J=compiled Java code, j=interpreted, Vv=VM code, C=native code)


Current CompileTask:
C2:  11485 1190   !   4       java.util.jar.Attributes::read (380 bytes)


---------------  P R O C E S S  ---------------

Java Threads: ( => current thread )
  0x000000002003b000 JavaThread "grpc-default-executor-0" daemon [_thread_in_Java, id=3904, stack(0x0000000021ff0000,0x00000000220f0000)]
  0x00000000202d0800 JavaThread "grpc-nio-worker-ELG-3-1" daemon [_thread_in_native, id=13892, stack(0x0000000021ae0000,0x0000000021be0000)]
  0x000000002009f800 JavaThread "grpc-nio-boss-ELG-1-1" daemon [_thread_in_native, id=12032, stack(0x00000000217e0000,0x00000000218e0000)]
  0x000000001def2800 JavaThread "Service Thread" daemon [_thread_blocked, id=8664, stack(0x000000001f8d0000,0x000000001f9d0000)]
  0x000000001de62800 JavaThread "C1 CompilerThread3" daemon [_thread_in_native, id=12316, stack(0x000000001f7d0000,0x000000001f8d0000)]
=>0x000000001de5d800 JavaThread "C2 CompilerThread2" daemon [_thread_in_native, id=1684, stack(0x000000001f6d0000,0x000000001f7d0000)]
  0x000000001de59000 JavaThread "C2 CompilerThread1" daemon [_thread_blocked, id=11636, stack(0x000000001f5d0000,0x000000001f6d0000)]
  0x000000001de55000 JavaThread "C2 CompilerThread0" daemon [_thread_blocked, id=19880, stack(0x000000001f4d0000,0x000000001f5d0000)]
  0x000000001de51000 JavaThread "Attach Listener" daemon [_thread_blocked, id=19532, stack(0x000000001f3d0000,0x000000001f4d0000)]
  0x000000001de50000 JavaThread "Signal Dispatcher" daemon [_thread_blocked, id=4468, stack(0x000000001f2d0000,0x000000001f3d0000)]
  0x0000000002abd000 JavaThread "Finalizer" daemon [_thread_blocked, id=3428, stack(0x000000001f0b0000,0x000000001f1b0000)]
  0x000000001c76d800 JavaThread "Reference Handler" daemon [_thread_blocked, id=6168, stack(0x000000001efb0000,0x000000001f0b0000)]
  0x00000000029c4000 JavaThread "main" [_thread_blocked, id=3080, stack(0x00000000028c0000,0x00000000029c0000)]

Other Threads:
  0x000000001de22800 VMThread [stack: 0x000000001eeb0000,0x000000001efb0000] [id=14016]
  0x000000001df0c800 WatcherThread [stack: 0x000000001f9d0000,0x000000001fad0000] [id=8372]

VM state:not at safepoint (normal execution)

VM Mutex/Monitor currently owned by a thread: None

heap address: 0x00000006c0c00000, size: 4084 MB, Compressed Oops mode: Zero based, Oop shift amount: 3
Narrow klass base: 0x0000000000000000, Narrow klass shift: 3
Compressed class space size: 1073741824 Address: 0x00000007c0000000

Heap:
 PSYoungGen      total 76288K, used 64514K [0x000000076af00000, 0x0000000770400000, 0x00000007c0000000)
  eden space 65536K, 98% used [0x000000076af00000,0x000000076ee00900,0x000000076ef00000)
  from space 10752K, 0% used [0x000000076f980000,0x000000076f980000,0x0000000770400000)
  to   space 10752K, 0% used [0x000000076ef00000,0x000000076ef00000,0x000000076f980000)
 ParOldGen       total 175104K, used 0K [0x00000006c0c00000, 0x00000006cb700000, 0x000000076af00000)
  object space 175104K, 0% used [0x00000006c0c00000,0x00000006c0c00000,0x00000006cb700000)
 Metaspace       used 17592K, capacity 17832K, committed 18176K, reserved 1064960K
  class space    used 2082K, capacity 2190K, committed 2304K, reserved 1048576K

Card table byte_map: [0x0000000011e80000,0x0000000012680000] byte_map_base: 0x000000000e87a000

Marking Bits: (ParMarkBitMap*) 0x000000006b74af90
 Begin Bits: [0x00000000135e0000, 0x00000000175b0000)
 End Bits:   [0x00000000175b0000, 0x000000001b580000)

Polling page: 0x0000000000f20000

CodeCache: size=245760Kb used=4344Kb max_used=4355Kb free=241415Kb
 bounds [0x0000000002ac0000, 0x0000000002f10000, 0x0000000011ac0000]
 total_blobs=1681 nmethods=1234 adapters=360
 compilation: enabled

Compilation events (10 events):
Event: 11.481 Thread 0x000000001de62800 nmethod 1227 0x0000000002ef3e50 code [0x0000000002ef3fc0, 0x0000000002ef4210]
Event: 11.481 Thread 0x000000001de62800 1228       3       sun.security.jca.GetInstance$Instance::<init> (15 bytes)
Event: 11.481 Thread 0x000000001de62800 nmethod 1228 0x0000000002ef3a10 code [0x0000000002ef3b60, 0x0000000002ef3d50]
Event: 11.481 Thread 0x000000001de62800 1229       3       java.util.zip.ZipEntry::isDirectory (10 bytes)
Event: 11.481 Thread 0x000000001de62800 nmethod 1229 0x0000000002efc250 code [0x0000000002efc3c0, 0x0000000002efc708]
Event: 11.482 Thread 0x000000001de62800 1230       3       java.util.Hashtable::rehash (142 bytes)
Event: 11.482 Thread 0x000000001de62800 nmethod 1230 0x0000000002efc890 code [0x0000000002efca60, 0x0000000002efd0c8]
Event: 11.482 Thread 0x000000001de62800 1231       1       java.util.zip.ZipFile::access$400 (5 bytes)
Event: 11.483 Thread 0x000000001de62800 nmethod 1231 0x0000000002efd390 code [0x0000000002efd4e0, 0x0000000002efd5d0]
Event: 11.483 Thread 0x000000001de62800 1232       3       java.util.ArrayList::toArray (12 bytes)

GC Heap History (0 events):
No events

Deoptimization events (8 events):
Event: 0.149 Thread 0x00000000029c4000 Uncommon trap: reason=unstable_if action=reinterpret pc=0x0000000002c29bdc method=java.lang.String.startsWith(Ljava/lang/String;I)Z @ 25
Event: 0.281 Thread 0x00000000029c4000 Uncommon trap: reason=unstable_if action=reinterpret pc=0x0000000002c95b0c method=sun.misc.MetaIndex.mayContain(Ljava/lang/String;)Z @ 13
Event: 11.220 Thread 0x000000002003b000 Uncommon trap: reason=unstable_if action=reinterpret pc=0x0000000002d6ffc0 method=java.lang.AbstractStringBuilder.append(Ljava/lang/String;)Ljava/lang/AbstractStringBuilder; @ 1
Event: 11.241 Thread 0x000000002003b000 Uncommon trap: reason=unstable_if action=reinterpret pc=0x0000000002dbd110 method=java.lang.String.regionMatches(ZILjava/lang/String;II)Z @ 123
Event: 11.243 Thread 0x000000002003b000 Uncommon trap: reason=class_check action=maybe_recompile pc=0x0000000002e0d9a0 method=java.util.HashMap.putVal(ILjava/lang/Object;Ljava/lang/Object;ZZ)Ljava/lang/Object; @ 91
Event: 11.253 Thread 0x000000002003b000 Uncommon trap: reason=predicate action=maybe_recompile pc=0x0000000002d538b4 method=sun.net.www.ParseUtil.encodePath(Ljava/lang/String;Z)Ljava/lang/String; @ 36
Event: 11.286 Thread 0x000000002003b000 Uncommon trap: reason=unstable_if action=reinterpret pc=0x0000000002e34450 method=java.util.regex.Pattern$BmpCharProperty.match(Ljava/util/regex/Matcher;ILjava/lang/CharSequence;)Z @ 5
Event: 11.382 Thread 0x000000002003b000 Uncommon trap: reason=unstable_if action=reinterpret pc=0x0000000002df4714 method=java.math.BigInteger.addOne([IIII)I @ 55

Classes redefined (0 events):
No events

Internal exceptions (10 events):
Event: 0.199 Thread 0x00000000029c4000 Exception <a 'java/lang/NoClassDefFoundError': org/slf4j/impl/StaticLoggerBinder> (0x000000076b6b93c0) thrown at [C:\jenkins\workspace\8-2-build-windows-amd64-cygwin\jdk8u251\737\hotspot\src\share\vm\classfile\systemDictionary.cpp, line 199]
Event: 0.200 Thread 0x00000000029c4000 Exception <a 'java/lang/NoClassDefFoundError': org/apache/logging/log4j/spi/ExtendedLoggerWrapper> (0x000000076b6cbf60) thrown at [C:\jenkins\workspace\8-2-build-windows-amd64-cygwin\jdk8u251\737\hotspot\src\share\vm\classfile\systemDictionary.cpp, line 1
Event: 0.200 Thread 0x00000000029c4000 Exception <a 'java/lang/NoClassDefFoundError'> (0x000000076b6cbf60) thrown at [C:\jenkins\workspace\8-2-build-windows-amd64-cygwin\jdk8u251\737\hotspot\src\share\vm\prims\jvm.cpp, line 1506]
Event: 0.201 Thread 0x00000000029c4000 Exception <a 'java/lang/NoClassDefFoundError': org/apache/log4j/Priority> (0x000000076b6dcf30) thrown at [C:\jenkins\workspace\8-2-build-windows-amd64-cygwin\jdk8u251\737\hotspot\src\share\vm\classfile\systemDictionary.cpp, line 199]
Event: 0.213 Thread 0x00000000029c4000 Exception <a 'java/lang/UnsatisfiedLinkError': io.grpc.netty.shaded.io.netty.channel.epoll.Native.offsetofEpollData()I> (0x000000076b7acec8) thrown at [C:\jenkins\workspace\8-2-build-windows-amd64-cygwin\jdk8u251\737\hotspot\src\share\vm\prims\nativeLooku
Event: 0.213 Thread 0x00000000029c4000 Exception <a 'java/lang/ExceptionInInitializerError'> (0x000000076b7ad418) thrown at [C:\jenkins\workspace\8-2-build-windows-amd64-cygwin\jdk8u251\737\hotspot\src\share\vm\oops\instanceKlass.cpp, line 964]
Event: 0.257 Thread 0x00000000029c4000 Exception <a 'java/lang/NoSuchFieldError': method resolution failed> (0x000000076b9a6e08) thrown at [C:\jenkins\workspace\8-2-build-windows-amd64-cygwin\jdk8u251\737\hotspot\src\share\vm\prims\methodHandles.cpp, line 1167]
Event: 0.258 Thread 0x00000000029c4000 Exception <a 'java/lang/NoSuchFieldError': method resolution failed> (0x000000076b9b4128) thrown at [C:\jenkins\workspace\8-2-build-windows-amd64-cygwin\jdk8u251\737\hotspot\src\share\vm\prims\methodHandles.cpp, line 1167]
Event: 0.275 Thread 0x00000000029c4000 Exception <a 'sun/nio/fs/WindowsException'> (0x000000076ba347d8) thrown at [C:\jenkins\workspace\8-2-build-windows-amd64-cygwin\jdk8u251\737\hotspot\src\share\vm\prims\jni.cpp, line 710]
Event: 11.220 Thread 0x000000002003b000 Implicit null exception at 0x0000000002d6fc16 to 0x0000000002d6ffa5

Events (10 events):
Event: 11.468 loading class sun/security/ssl/AppOutputStream
Event: 11.468 loading class sun/security/ssl/AppOutputStream done
Event: 11.468 loading class sun/security/ssl/OutputRecord
Event: 11.468 loading class sun/security/ssl/OutputRecord done
Event: 11.468 loading class sun/security/ssl/ClientHandshaker
Event: 11.469 loading class sun/security/ssl/Handshaker
Event: 11.469 loading class sun/security/ssl/Handshaker done
Event: 11.469 loading class sun/security/ssl/ClientHandshaker done
Event: 11.470 loading class javax/crypto/KeyGenerator
Event: 11.470 loading class javax/crypto/KeyGenerator done


Dynamic libraries:
0x00007ff6d5e90000 - 0x00007ff6d5ec7000 	C:\Program Files\Java\jdk1.8.0_251\bin\java.exe
0x00007ffeba280000 - 0x00007ffeba470000 	C:\Windows\SYSTEM32\ntdll.dll
0x00007ffeb8a60000 - 0x00007ffeb8b12000 	C:\Windows\System32\KERNEL32.DLL
0x00007ffeb8020000 - 0x00007ffeb82c4000 	C:\Windows\System32\KERNELBASE.dll
0x00007ffeb9930000 - 0x00007ffeb99d3000 	C:\Windows\System32\ADVAPI32.dll
0x00007ffeb9130000 - 0x00007ffeb91ce000 	C:\Windows\System32\msvcrt.dll
0x00007ffeb8b20000 - 0x00007ffeb8bb7000 	C:\Windows\System32\sechost.dll
0x00007ffeb83b0000 - 0x00007ffeb84d0000 	C:\Windows\System32\RPCRT4.dll
0x00007ffeb8790000 - 0x00007ffeb8925000 	C:\Windows\System32\USER32.dll
0x00007ffeb82d0000 - 0x00007ffeb82f1000 	C:\Windows\System32\win32u.dll
0x00007ffeb8930000 - 0x00007ffeb8956000 	C:\Windows\System32\GDI32.dll
0x00007ffeb72b0000 - 0x00007ffeb7446000 	C:\Windows\System32\gdi32full.dll
0x00007ffeb7c40000 - 0x00007ffeb7cde000 	C:\Windows\System32\msvcp_win.dll
0x00007ffeb7e30000 - 0x00007ffeb7f2a000 	C:\Windows\System32\ucrtbase.dll
0x00007ffea86f0000 - 0x00007ffea8974000 	C:\Windows\WinSxS\amd64_microsoft.windows.common-controls_6595b64144ccf1df_6.0.18362.1016_none_9e7a36bbe461dae4\COMCTL32.dll
0x00007ffeb91d0000 - 0x00007ffeb9505000 	C:\Windows\System32\combase.dll
0x00007ffeb7fa0000 - 0x00007ffeb8020000 	C:\Windows\System32\bcryptPrimitives.dll
0x00007ffeba1a0000 - 0x00007ffeba1ce000 	C:\Windows\System32\IMM32.DLL
0x000000006c850000 - 0x000000006c922000 	C:\Program Files\Java\jdk1.8.0_251\jre\bin\msvcr100.dll
0x000000006af20000 - 0x000000006b7cb000 	C:\Program Files\Java\jdk1.8.0_251\jre\bin\server\jvm.dll
0x00007ffeb8390000 - 0x00007ffeb8398000 	C:\Windows\System32\PSAPI.DLL
0x00007ffeb3430000 - 0x00007ffeb3439000 	C:\Windows\SYSTEM32\WSOCK32.dll
0x00007ffeb4cd0000 - 0x00007ffeb4cf4000 	C:\Windows\SYSTEM32\WINMM.dll
0x00007ffeb1730000 - 0x00007ffeb173a000 	C:\Windows\SYSTEM32\VERSION.dll
0x00007ffeb8c50000 - 0x00007ffeb8cbf000 	C:\Windows\System32\WS2_32.dll
0x00007ffeb4bc0000 - 0x00007ffeb4bed000 	C:\Windows\SYSTEM32\winmmbase.dll
0x00007ffeb7f30000 - 0x00007ffeb7f7a000 	C:\Windows\System32\cfgmgr32.dll
0x00007ffeacfc0000 - 0x00007ffeacfcf000 	C:\Program Files\Java\jdk1.8.0_251\jre\bin\verify.dll
0x00007ffeacf60000 - 0x00007ffeacf89000 	C:\Program Files\Java\jdk1.8.0_251\jre\bin\java.dll
0x00007ffeacfa0000 - 0x00007ffeacfb6000 	C:\Program Files\Java\jdk1.8.0_251\jre\bin\zip.dll
0x00007ffeb99e0000 - 0x00007ffeba0c7000 	C:\Windows\System32\SHELL32.dll
0x00007ffeb86e0000 - 0x00007ffeb8789000 	C:\Windows\System32\shcore.dll
0x00007ffeb7450000 - 0x00007ffeb7bd2000 	C:\Windows\System32\windows.storage.dll
0x00007ffeb7160000 - 0x00007ffeb7183000 	C:\Windows\System32\profapi.dll
0x00007ffeb7190000 - 0x00007ffeb71da000 	C:\Windows\System32\powrprof.dll
0x00007ffeb7130000 - 0x00007ffeb7140000 	C:\Windows\System32\UMPDC.dll
0x00007ffeb89e0000 - 0x00007ffeb8a32000 	C:\Windows\System32\shlwapi.dll
0x00007ffeb71e0000 - 0x00007ffeb71f1000 	C:\Windows\System32\kernel.appcore.dll
0x00007ffeb7f80000 - 0x00007ffeb7f97000 	C:\Windows\System32\cryptsp.dll
0x00007ffeacf40000 - 0x00007ffeacf5a000 	C:\Program Files\Java\jdk1.8.0_251\jre\bin\net.dll
0x00007ffeb6940000 - 0x00007ffeb69a7000 	C:\Windows\system32\mswsock.dll
0x00007ffeacf20000 - 0x00007ffeacf32000 	C:\Program Files\Java\jdk1.8.0_251\jre\bin\nio.dll
0x00007ffeb64c0000 - 0x00007ffeb64f3000 	C:\Windows\system32\rsaenh.dll
0x00007ffeb8300000 - 0x00007ffeb8326000 	C:\Windows\System32\bcrypt.dll
0x00007ffeb7050000 - 0x00007ffeb7075000 	C:\Windows\SYSTEM32\USERENV.dll
0x00007ffeb6ac0000 - 0x00007ffeb6acc000 	C:\Windows\SYSTEM32\CRYPTBASE.dll
0x00007ffeb6660000 - 0x00007ffeb669a000 	C:\Windows\SYSTEM32\IPHLPAPI.DLL
0x00007ffeb83a0000 - 0x00007ffeb83a8000 	C:\Windows\System32\NSI.dll
0x00007ffeb1710000 - 0x00007ffeb1726000 	C:\Windows\SYSTEM32\dhcpcsvc6.DLL
0x00007ffeb16f0000 - 0x00007ffeb170c000 	C:\Windows\SYSTEM32\dhcpcsvc.DLL
0x00007ffeb66a0000 - 0x00007ffeb676b000 	C:\Windows\SYSTEM32\DNSAPI.dll
0x00007ffeace00000 - 0x00007ffeace0d000 	C:\Program Files\Java\jdk1.8.0_251\jre\bin\management.dll
0x00007ffea1570000 - 0x00007ffea1586000 	C:\Windows\system32\napinsp.dll
0x00007ffea1550000 - 0x00007ffea156a000 	C:\Windows\system32\pnrpnsp.dll
0x00007ffea1420000 - 0x00007ffea142e000 	C:\Windows\System32\winrnr.dll
0x00007ffeb3800000 - 0x00007ffeb381c000 	C:\Windows\system32\NLAapi.dll
0x00007ffea0990000 - 0x00007ffea09a5000 	C:\Windows\system32\wshbth.dll
0x00007ffea8550000 - 0x00007ffea855a000 	C:\Windows\System32\rasadhlp.dll
0x00007ffeb11e0000 - 0x00007ffeb1257000 	C:\Windows\System32\fwpuclnt.dll
0x00007ffeb39d0000 - 0x00007ffeb39f4000 	C:\Program Files\Java\jdk1.8.0_251\jre\bin\sunec.dll
0x00007ffeb39c0000 - 0x00007ffeb39cc000 	C:\Program Files\Java\jdk1.8.0_251\jre\bin\sunmscapi.dll
0x00007ffeb7ce0000 - 0x00007ffeb7e29000 	C:\Windows\System32\CRYPT32.dll
0x00007ffeb7140000 - 0x00007ffeb7152000 	C:\Windows\System32\MSASN1.dll
0x00007ffeb6c40000 - 0x00007ffeb6c66000 	C:\Windows\SYSTEM32\ncrypt.dll
0x00007ffeb6c00000 - 0x00007ffeb6c3b000 	C:\Windows\SYSTEM32\NTASN1.dll

VM Arguments:
java_command: com.servidorcanciones.ServidorCanciones
java_class_path (initial): C:\Users\IS Infinite Stratos\Documents\ServidorCanciones\target\classes;C:\Users\IS Infinite Stratos\.m2\repository\com\microsoft\sqlserver\mssql-jdbc\8.2.2.jre8\mssql-jdbc-8.2.2.jre8.jar;C:\Users\IS Infinite Stratos\.m2\repository\org\javalite\activejdbc\2.3.2-j8\activejdbc-2.3.2-j8.jar;C:\Users\IS Infinite Stratos\.m2\repository\org\slf4j\slf4j-api\1.7.30\slf4j-api-1.7.30.jar;C:\Users\IS Infinite Stratos\.m2\repository\org\javalite\javalite-common\2.3.2-j8\javalite-common-2.3.2-j8.jar;C:\Users\IS Infinite Stratos\.m2\repository\org\dom4j\dom4j\2.1.1\dom4j-2.1.1.jar;C:\Users\IS Infinite Stratos\.m2\repository\com\fasterxml\jackson\core\jackson-databind\2.10.2\jackson-databind-2.10.2.jar;C:\Users\IS Infinite Stratos\.m2\repository\com\fasterxml\jackson\core\jackson-annotations\2.10.2\jackson-annotations-2.10.2.jar;C:\Users\IS Infinite Stratos\.m2\repository\com\fasterxml\jackson\core\jackson-core\2.10.2\jackson-core-2.10.2.jar;C:\Users\IS Infinite Stratos\.m2\repository\org\javalite\app-config\2.3.2-j8\app-config-2.3.2-j8.jar;C:\Users\IS Infinite Stratos\.m2\repository\io\grpc\grpc-netty-shaded\1.30.0\grpc-netty-shaded-1.30.0.jar;C:\Users\IS Infinite Stratos\.m2\repository\io\grpc\grpc-core\1.30.0\grpc-core-1.30.0.jar;C:\Users\IS Infinite Stratos\.m2\repository\com\google\code\gson\gson\2.8.6\gson-2.8.6.jar;C:\Users\IS Infinite Stratos\.m2\repository\com\google\android\annotations\4.1.1.4\annotations-4.1.1.4.jar;C:\Users\IS Infinite Stratos\.m2\repository\io\perfmark\perfmark-api\0.19.0\perfmark-api-0.19.0.jar;C:\Users\IS Infinite Stratos\.m2\repository\io\grpc\grpc-protobuf\1.30.0\grpc-protobuf-1.30.0.jar;C:\Users\IS Infinite Stratos\.m2\repository\io\grpc\grpc-api\1.30.0\grpc-api-1.30.0.jar;C:\Users\IS Infinite Stratos\.m2\repository\io\grpc\grpc-context\1.30.0\grpc-context-1.30.0.jar;C:\Users\IS Infinite Stratos\.m2\repository\com\google\code\findbugs\jsr305\3.0.2\jsr305-3.0.2.jar;C:\Users\IS Infinite Stratos\.m2\repository\com\google
Launcher Type: SUN_STANDARD

Environment Variables:
JAVA_HOME=C:\Program Files\Java\jdk1.8.0_251
PATH=C:\Program Files\Java\jdk1.8.0_251\bin;C:\Program Files\Common Files\Oracle\Java\javapath;C:\Program Files (x86)\Common Files\Oracle\Java\javapath;C:\Windows\system32;C:\Windows;C:\Windows\System32\Wbem;C:\Windows\System32\WindowsPowerShell\v1.0\;C:\Windows\System32\OpenSSH\;C:\Program Files (x86)\NVIDIA Corporation\PhysX\Common;C:\Program Files\dotnet\;C:\Program Files\Microsoft SQL Server\130\Tools\Binn\;C:\Program Files\Microsoft SQL Server\Client SDK\ODBC\170\Tools\Binn\;C:\Program Files\Git\cmd;C:\Program Files (x86)\Microsoft SQL Server\140\Tools\Binn\;C:\Program Files\Microsoft SQL Server\140\Tools\Binn\;C:\Program Files\Microsoft SQL Server\140\DTS\Binn\;C:\Program Files\Microsoft SQL Server\Client SDK\ODBC\130\Tools\Binn\;C:\Program Files (x86)\Microsoft SQL Server\150\DTS\Binn\;C:\Ruby26-x64\bin;C:\Program Files\Docker\Docker\resources\bin;C:\ProgramData\DockerDesktop\version-bin;C:\Program Files\NVIDIA Corporation\NVIDIA NvDLISR;C:\Program Files\nodejs\;C:\Program Files (x86)\Yarn\bin\;C:\maven\apache-maven-3.6.3\bin;C:\Program Files\Java\jdk-11.0.8\bin;C:\Program Files\Java\jdk-14\bin;C:\sonarqube\scanner-cli\sonar-scanner-4.4.0.2170-windows\bin;C:\Ruby26-x64\bin;C:\Users\IS Infinite Stratos\AppData\Local\Microsoft\WindowsApps;C:\Users\IS Infinite Stratos\AppData\Local\Programs\Microsoft VS Code\bin;C:\Users\IS Infinite Stratos\AppData\Roaming\npm;C:\Users\IS Infinite Stratos\AppData\Local\Yarn\bin;
USERNAME=IS Vega
OS=Windows_NT
PROCESSOR_IDENTIFIER=AMD64 Family 23 Model 8 Stepping 2, AuthenticAMD



---------------  S Y S T E M  ---------------

OS: Windows 10.0 , 64 bit Build 18362 (10.0.18362.959)

CPU:total 12 (initial active 12) (12 cores per cpu, 1 threads per core) family 23 model 8 stepping 2, cmov, cx8, fxsr, mmx, sse, sse2, sse3, ssse3, sse4.1, sse4.2, popcnt, avx, avx2, aes, clmul, mmxext, 3dnowpref, lzcnt, sse4a, tsc, tscinvbit, tscinv, bmi1

Memory: 4k page, physical 16725820k(3890928k free), swap 16725820k(5332k free)

vm_info: Java HotSpot(TM) 64-Bit Server VM (25.251-b08) for windows-amd64 JRE (1.8.0_251-b08), built on Mar 12 2020 06:31:49 by "" with MS VC++ 10.0 (VS2010)

time: Wed Aug 19 11:55:22 2020
timezone: Hora de verano central (México)
elapsed time: 11 seconds (0d 0h 0m 11s)

